#
# There is insufficient memory for the Java Runtime Environment to continue.
# Native memory allocation (malloc) failed to allocate 1048576 bytes for AllocateHeap
# Possible reasons:
#   The system is out of physical RAM or swap space
#   In 32 bit mode, the process size limit was hit
# Possible solutions:
#   Reduce memory load on the system
#   Increase physical memory or swap space
#   Check if swap backing store is full
#   Use 64 bit Java on a 64 bit OS
#   Decrease Java heap size (-Xmx/-Xms)
#   Decrease number of Java threads
#   Decrease Java thread stack sizes (-Xss)
#   Set larger code cache with -XX:ReservedCodeCacheSize=
# This output file may be truncated or incomplete.
#
#  Out of Memory Error (memory/allocation.inline.hpp:61), pid=5520, tid=6256
#
# JRE version:  (8.0_45-b15) (build )
# Java VM: Java HotSpot(TM) 64-Bit Server VM (25.45-b02 mixed mode windows-amd64 compressed oops)
# Failed to write core dump. Minidumps are not enabled by default on client versions of Windows
#

---------------  T H R E A D  ---------------

Current thread (0x0000000000b3d800):  JavaThread "Unknown thread" [_thread_in_vm, id=6256, stack(0x00000000009e0000,0x0000000000ae0000)]

Stack: [0x00000000009e0000,0x0000000000ae0000]
Native frames: (J=compiled Java code, j=interpreted, Vv=VM code, C=native code)
V  [jvm.dll+0x32b57a]


---------------  P R O C E S S  ---------------

Java Threads: ( => current thread )

Other Threads:

=>0x0000000000b3d800 (exited) JavaThread "Unknown thread" [_thread_in_vm, id=6256, stack(0x00000000009e0000,0x0000000000ae0000)]

VM state:not at safepoint (normal execution)

VM Mutex/Monitor currently owned by a thread: None

Heap:
 PSYoungGen      total 38400K, used 665K [0x00000000eab00000, 0x00000000ed580000, 0x0000000100000000)
  eden space 33280K, 2% used [0x00000000eab00000,0x00000000eaba6670,0x00000000ecb80000)
  from space 5120K, 0% used [0x00000000ed080000,0x00000000ed080000,0x00000000ed580000)
  to   space 5120K, 0% used [0x00000000ecb80000,0x00000000ecb80000,0x00000000ed080000)
 ParOldGen       total 87552K, used 0K [0x00000000c0000000, 0x00000000c5580000, 0x00000000eab00000)
  object space 87552K, 0% used [0x00000000c0000000,0x00000000c0000000,0x00000000c5580000)
 Metaspace       used 766K, capacity 4480K, committed 4480K, reserved 1056768K
  class space    used 75K, capacity 384K, committed 384K, reserved 1048576K

Card table byte_map: [0x00000000114d0000,0x00000000116e0000] byte_map_base: 0x0000000010ed0000

Marking Bits: (ParMarkBitMap*) 0x000000006a7e4040
 Begin Bits: [0x0000000011c40000, 0x0000000012c40000)
 End Bits:   [0x0000000012c40000, 0x0000000013c40000)

Polling page: 0x0000000000610000

CodeCache: size=245760Kb used=328Kb max_used=328Kb free=245431Kb
 bounds [0x0000000002110000, 0x0000000002380000, 0x0000000011110000]
 total_blobs=57 nmethods=0 adapters=37
 compilation: enabled

Compilation events (0 events):
No events

GC Heap History (0 events):
No events

Deoptimization events (0 events):
No events

Internal exceptions (0 events):
No events

Events (10 events):
Event: 0.079 loading class java/lang/Short
Event: 0.079 loading class java/lang/Short done
Event: 0.079 loading class java/lang/Integer
Event: 0.079 loading class java/lang/Integer done
Event: 0.079 loading class java/lang/Long
Event: 0.079 loading class java/lang/Long done
Event: 0.081 loading class java/lang/NullPointerException
Event: 0.081 loading class java/lang/NullPointerException done
Event: 0.081 loading class java/lang/ArithmeticException
Event: 0.081 loading class java/lang/ArithmeticException done


Dynamic libraries:
0x00007ff729430000 - 0x00007ff729467000 	C:\Program Files\Java\jdk1.8.0_45\bin\java.exe
0x00007ff9bbb90000 - 0x00007ff9bbd51000 	C:\WINDOWS\SYSTEM32\ntdll.dll
0x00007ff9bb640000 - 0x00007ff9bb6ed000 	C:\WINDOWS\system32\KERNEL32.DLL
0x00007ff9a7680000 - 0x00007ff9a76b2000 	C:\Program Files (x86)\AVG\AVG2015\avghooka.dll
0x00007ff9b8960000 - 0x00007ff9b8b48000 	C:\WINDOWS\system32\KERNELBASE.dll
0x00007ff9bb4c0000 - 0x00007ff9bb567000 	C:\WINDOWS\system32\ADVAPI32.dll
0x00007ff9bb420000 - 0x00007ff9bb4bd000 	C:\WINDOWS\system32\msvcrt.dll
0x00007ff9b9c90000 - 0x00007ff9b9ceb000 	C:\WINDOWS\system32\sechost.dll
0x00007ff9b9a10000 - 0x00007ff9b9b2c000 	C:\WINDOWS\system32\RPCRT4.dll
0x00007ff9b94c0000 - 0x00007ff9b9616000 	C:\WINDOWS\system32\USER32.dll
0x00007ff9bb9d0000 - 0x00007ff9bbb56000 	C:\WINDOWS\system32\GDI32.dll
0x00007ff9af060000 - 0x00007ff9af2d4000 	C:\WINDOWS\WinSxS\amd64_microsoft.windows.common-controls_6595b64144ccf1df_6.0.10586.0_none_8c15ae12515e1c22\COMCTL32.dll
0x00007ff9bb6f0000 - 0x00007ff9bb96d000 	C:\WINDOWS\system32\combase.dll
0x00007ff9b8be0000 - 0x00007ff9b8c4a000 	C:\WINDOWS\system32\bcryptPrimitives.dll
0x00007ff9b93d0000 - 0x00007ff9b940b000 	C:\WINDOWS\system32\IMM32.DLL
0x0000000069b60000 - 0x0000000069c32000 	C:\Program Files\Java\jdk1.8.0_45\jre\bin\msvcr100.dll
0x0000000069fe0000 - 0x000000006a863000 	C:\Program Files\Java\jdk1.8.0_45\jre\bin\server\jvm.dll
0x00007ff9bbb60000 - 0x00007ff9bbb68000 	C:\WINDOWS\system32\PSAPI.DLL
0x00007ff9afee0000 - 0x00007ff9afee9000 	C:\WINDOWS\SYSTEM32\WSOCK32.dll
0x00007ff9b97d0000 - 0x00007ff9b983b000 	C:\WINDOWS\system32\WS2_32.dll
0x00007ff9b6930000 - 0x00007ff9b6953000 	C:\WINDOWS\SYSTEM32\WINMM.dll
0x00007ff9b38a0000 - 0x00007ff9b38aa000 	C:\WINDOWS\SYSTEM32\VERSION.dll
0x00007ff9b6900000 - 0x00007ff9b692c000 	C:\WINDOWS\SYSTEM32\WINMMBASE.dll
0x00007ff9b8d10000 - 0x00007ff9b8d53000 	C:\WINDOWS\system32\cfgmgr32.dll
0x0000000069fd0000 - 0x0000000069fdf000 	C:\Program Files\Java\jdk1.8.0_45\jre\bin\verify.dll
0x0000000069fa0000 - 0x0000000069fc9000 	C:\Program Files\Java\jdk1.8.0_45\jre\bin\java.dll
0x0000000069f80000 - 0x0000000069f96000 	C:\Program Files\Java\jdk1.8.0_45\jre\bin\zip.dll
0x00007ff9a6ff0000 - 0x00007ff9a717c000 	C:\WINDOWS\SYSTEM32\dbghelp.dll

VM Arguments:
jvm_args: -Djava.awt.headless=true -Xmx1024M -Dfile.encoding=windows-1252 -Duser.country=US -Duser.language=en -Duser.variant 
java_command: com.android.dx.command.Main --dex --num-threads=4 --output D:\Programs\git\cs403X\CrowdCade\app\build\intermediates\pre-dexed\debug\internal_impl-23.2.1_00d1e995828ac39d7eb1ca6ec3cf6c0423fd7332.jar D:\Programs\git\cs403X\CrowdCade\app\build\intermediates\exploded-aar\com.android.support\support-v4\23.2.1\jars\libs\internal_impl-23.2.1.jar
java_class_path (initial): D:\Programs\SDKAndroid\build-tools\23.0.3\lib\dx.jar
Launcher Type: SUN_STANDARD

Environment Variables:
PATH=C:\Program Files (x86)\NVIDIA Corporation\PhysX\Common;C:\ProgramData\Oracle\Java\javapath;C:\Program Files (x86)\Intel\iCLS Client\;C:\Program Files\Intel\iCLS Client\;C:\WINDOWS\system32;C:\WINDOWS;C:\WINDOWS\System32\Wbem;C:\WINDOWS\System32\WindowsPowerShell\v1.0\;C:\Program Files\Intel\Intel(R) Management Engine Components\DAL;C:\Program Files (x86)\Intel\Intel(R) Management Engine Components\DAL;C:\Program Files\Intel\Intel(R) Management Engine Components\IPT;C:\Program Files (x86)\Intel\Intel(R) Management Engine Components\IPT;C:\Program Files (x86)\ATI Technologies\ATI.ACE\Core-Static;C:\WINDOWS\system32\config\systemprofile\.dnx\bin;C:\Program Files\Microsoft DNX\Dnvm\;C:\Program Files (x86)\Windows Kits\8.1\Windows Performance Toolkit\;C:\Program Files\Microsoft SQL Server\120\Tools\Binn\;C:\Program Files\Microsoft\Web Platform Installer\;C:\Program Files (x86)\AMD\ATI.ACE\Core-Static;D:\Python;D:\Programs\Heroku\bin;C:\Program Files (x86)\git\cmd;D:\Programs\node_js\;C:\Program Files\Java\jdk1.8.0_45\bin;C:\Program Files (x86)\Skype\Phone\;C:\Program Files\Microsoft SQL Server\110\Tools\Binn\;C:\Program Files (x86)\Microsoft SDKs\TypeScript\1.0\;C:\Users\Joshua\AppData\Roaming\npm
USERNAME=Joshua
OS=Windows_NT
PROCESSOR_IDENTIFIER=Intel64 Family 6 Model 60 Stepping 3, GenuineIntel



---------------  S Y S T E M  ---------------

OS: Windows 10.0 , 64 bit Build 10586 (10.0.10586.0)

CPU:total 4 (4 cores per cpu, 1 threads per core) family 6 model 60 stepping 3, cmov, cx8, fxsr, mmx, sse, sse2, sse3, ssse3, sse4.1, sse4.2, popcnt, avx, avx2, aes, clmul, erms, lzcnt, tsc, tscinvbit, bmi1, bmi2

Memory: 4k page, physical 8325524k(728104k free), swap 33491348k(5128k free)

vm_info: Java HotSpot(TM) 64-Bit Server VM (25.45-b02) for windows-amd64 JRE (1.8.0_45-b15), built on Apr 30 2015 12:40:44 by "java_re" with MS VC++ 10.0 (VS2010)

time: Fri Apr 29 23:20:48 2016
elapsed time: 0 seconds (0d 0h 0m 0s)

