#
# There is insufficient memory for the Java Runtime Environment to continue.
# Native memory allocation (malloc) failed to allocate 32744 bytes for ChunkPool::allocate
# Possible reasons:
#   The system is out of physical RAM or swap space
#   In 32 bit mode, the process size limit was hit
# Possible solutions:
#   Reduce memory load on the system
#   Increase physical memory or swap space
#   Check if swap backing store is full
#   Use 64 bit Java on a 64 bit OS
#   Decrease Java heap size (-Xmx/-Xms)
#   Decrease number of Java threads
#   Decrease Java thread stack sizes (-Xss)
#   Set larger code cache with -XX:ReservedCodeCacheSize=
# This output file may be truncated or incomplete.
#
#  Out of Memory Error (allocation.cpp:273), pid=8580, tid=12740
#
# JRE version: Java(TM) SE Runtime Environment (8.0_45-b15) (build 1.8.0_45-b15)
# Java VM: Java HotSpot(TM) 64-Bit Server VM (25.45-b02 mixed mode windows-amd64 compressed oops)
# Failed to write core dump. Minidumps are not enabled by default on client versions of Windows
#

---------------  T H R E A D  ---------------

Current thread (0x000000001471a000):  JavaThread "C2 CompilerThread0" daemon [_thread_in_native, id=12740, stack(0x0000000015c80000,0x0000000015d80000)]

Stack: [0x0000000015c80000,0x0000000015d80000]
Native frames: (J=compiled Java code, j=interpreted, Vv=VM code, C=native code)
V  [jvm.dll+0x32b57a]


Current CompileTask:
C2:   2996 1229   !   4       com.android.dx.cf.cst.ConstantPoolParser::parse0 (731 bytes)


---------------  P R O C E S S  ---------------

Java Threads: ( => current thread )
  0x00000000161cc000 JavaThread "pool-1-thread-4" [_thread_in_vm, id=15316, stack(0x0000000016980000,0x0000000016a80000)]
  0x0000000016170000 JavaThread "pool-1-thread-3" [_thread_blocked, id=10332, stack(0x0000000016880000,0x0000000016980000)]
  0x000000001616e000 JavaThread "pool-1-thread-2" [_thread_in_Java, id=9564, stack(0x0000000016780000,0x0000000016880000)]
  0x00000000161ee800 JavaThread "pool-2-thread-1" [_thread_blocked, id=4380, stack(0x0000000016680000,0x0000000016780000)]
  0x00000000161ed800 JavaThread "pool-1-thread-1" [_thread_in_Java, id=12068, stack(0x0000000016580000,0x0000000016680000)]
  0x0000000015f80800 JavaThread "Service Thread" daemon [_thread_blocked, id=2992, stack(0x0000000016380000,0x0000000016480000)]
  0x0000000014779800 JavaThread "C1 CompilerThread2" daemon [_thread_in_vm, id=12228, stack(0x0000000015e80000,0x0000000015f80000)]
  0x000000001473c000 JavaThread "C2 CompilerThread1" daemon [_thread_in_native, id=14976, stack(0x0000000015d80000,0x0000000015e80000)]
=>0x000000001471a000 JavaThread "C2 CompilerThread0" daemon [_thread_in_native, id=12740, stack(0x0000000015c80000,0x0000000015d80000)]
  0x0000000014718000 JavaThread "Attach Listener" daemon [_thread_blocked, id=7588, stack(0x0000000015b80000,0x0000000015c80000)]
  0x0000000014716800 JavaThread "Signal Dispatcher" daemon [_thread_blocked, id=12420, stack(0x0000000015a80000,0x0000000015b80000)]
  0x0000000002041000 JavaThread "Finalizer" daemon [_thread_blocked, id=3728, stack(0x0000000015980000,0x0000000015a80000)]
  0x000000000203e800 JavaThread "Reference Handler" daemon [_thread_blocked, id=8088, stack(0x0000000015880000,0x0000000015980000)]
  0x0000000001eed800 JavaThread "main" [_thread_blocked, id=9928, stack(0x0000000001db0000,0x0000000001eb0000)]

Other Threads:
  0x00000000146e7800 VMThread [stack: 0x0000000015780000,0x0000000015880000] [id=7968]
  0x0000000015f81000 WatcherThread [stack: 0x0000000016480000,0x0000000016580000] [id=13432]

VM state:not at safepoint (normal execution)

VM Mutex/Monitor currently owned by a thread:  ([mutex/lock_event])
[0x0000000001ee8cf0] CodeCache_lock - owner thread: 0x000000001473c000
[0x0000000001f51350] Compile_lock - owner thread: 0x000000001473c000
[0x0000000001f51750] MethodCompileQueue_lock - owner thread: 0x000000001473c000

Heap:
 PSYoungGen      total 38400K, used 16567K [0x00000000eab00000, 0x00000000ed580000, 0x0000000100000000)
  eden space 33280K, 34% used [0x00000000eab00000,0x00000000eb630cd0,0x00000000ecb80000)
  from space 5120K, 99% used [0x00000000ecb80000,0x00000000ed07d260,0x00000000ed080000)
  to   space 5120K, 0% used [0x00000000ed080000,0x00000000ed080000,0x00000000ed580000)
 ParOldGen       total 87552K, used 16K [0x00000000c0000000, 0x00000000c5580000, 0x00000000eab00000)
  object space 87552K, 0% used [0x00000000c0000000,0x00000000c0004000,0x00000000c5580000)
 Metaspace       used 5997K, capacity 6960K, committed 7040K, reserved 1056768K
  class space    used 592K, capacity 616K, committed 640K, reserved 1048576K

Card table byte_map: [0x0000000011410000,0x0000000011620000] byte_map_base: 0x0000000010e10000

Marking Bits: (ParMarkBitMap*) 0x000000006a924040
 Begin Bits: [0x0000000011b80000, 0x0000000012b80000)
 End Bits:   [0x0000000012b80000, 0x0000000013b80000)

Polling page: 0x0000000000510000

CodeCache: size=245760Kb used=5220Kb max_used=5253Kb free=240539Kb
 bounds [0x0000000002050000, 0x0000000002580000, 0x0000000011050000]
 total_blobs=1551 nmethods=1282 adapters=182
 compilation: enabled

Compilation events (10 events):
Event: 2.986 Thread 0x0000000014779800 nmethod 1260 0x0000000002545c90 code [0x0000000002545ea0, 0x0000000002546bd8]
Event: 2.986 Thread 0x0000000014779800 1261       3       com.android.dx.util.Bits::isEmpty (26 bytes)
Event: 2.986 Thread 0x0000000014779800 nmethod 1261 0x0000000002547150 code [0x00000000025472c0, 0x0000000002547510]
Event: 2.986 Thread 0x0000000014779800 1262       3       com.android.dx.cf.code.ConcreteMethod::getMaxLocals (8 bytes)
Event: 2.986 Thread 0x0000000014779800 nmethod 1262 0x0000000002547610 code [0x0000000002547760, 0x0000000002547950]
Event: 2.986 Thread 0x0000000014779800 1263       3       com.android.dx.cf.code.ConcreteMethod::getCode (8 bytes)
Event: 2.986 Thread 0x0000000014779800 nmethod 1263 0x0000000002547a10 code [0x0000000002547b60, 0x0000000002547d50]
Event: 2.987 Thread 0x0000000014779800 1264       3       com.android.dx.ssa.BasicRegisterMapper::<init> (17 bytes)
Event: 2.987 Thread 0x0000000014779800 nmethod 1264 0x0000000002547e10 code [0x0000000002547f80, 0x0000000002548248]
Event: 2.987 Thread 0x0000000014779800 1265       3       com.android.dx.ssa.SsaBasicBlock::replaceSuccessor (125 bytes)

GC Heap History (2 events):
Event: 2.523 GC heap before
{Heap before GC invocations=1 (full 0):
 PSYoungGen      total 38400K, used 33280K [0x00000000eab00000, 0x00000000ed580000, 0x0000000100000000)
  eden space 33280K, 100% used [0x00000000eab00000,0x00000000ecb80000,0x00000000ecb80000)
  from space 5120K, 0% used [0x00000000ed080000,0x00000000ed080000,0x00000000ed580000)
  to   space 5120K, 0% used [0x00000000ecb80000,0x00000000ecb80000,0x00000000ed080000)
 ParOldGen       total 87552K, used 0K [0x00000000c0000000, 0x00000000c5580000, 0x00000000eab00000)
  object space 87552K, 0% used [0x00000000c0000000,0x00000000c0000000,0x00000000c5580000)
 Metaspace       used 5862K, capacity 6832K, committed 7040K, reserved 1056768K
  class space    used 591K, capacity 616K, committed 640K, reserved 1048576K
Event: 2.804 GC heap after
Heap after GC invocations=1 (full 0):
 PSYoungGen      total 38400K, used 5108K [0x00000000eab00000, 0x00000000ed580000, 0x0000000100000000)
  eden space 33280K, 0% used [0x00000000eab00000,0x00000000eab00000,0x00000000ecb80000)
  from space 5120K, 99% used [0x00000000ecb80000,0x00000000ed07d260,0x00000000ed080000)
  to   space 5120K, 0% used [0x00000000ed080000,0x00000000ed080000,0x00000000ed580000)
 ParOldGen       total 87552K, used 16K [0x00000000c0000000, 0x00000000c5580000, 0x00000000eab00000)
  object space 87552K, 0% used [0x00000000c0000000,0x00000000c0004000,0x00000000c5580000)
 Metaspace       used 5862K, capacity 6832K, committed 7040K, reserved 1056768K
  class space    used 591K, capacity 616K, committed 640K, reserved 1048576K
}

Deoptimization events (6 events):
Event: 1.250 Thread 0x0000000001eed800 Uncommon trap: reason=unstable_if action=reinterpret pc=0x0000000002175898 method=java.lang.String.indexOf(II)I @ 49
Event: 1.268 Thread 0x0000000001eed800 Uncommon trap: reason=unstable_if action=reinterpret pc=0x00000000020ca5d4 method=java.lang.String.compareTo(Ljava/lang/String;)I @ 38
Event: 1.939 Thread 0x00000000161ed800 Uncommon trap: reason=unstable_if action=reinterpret pc=0x00000000022794d0 method=java.util.HashMap.getNode(ILjava/lang/Object;)Ljava/util/HashMap$Node; @ 62
Event: 2.522 Thread 0x00000000161ed800 Uncommon trap: reason=unstable_if action=reinterpret pc=0x000000000228a7f0 method=java.util.BitSet.nextSetBit(I)I @ 87
Event: 2.913 Thread 0x00000000161cc000 Uncommon trap: reason=class_check action=maybe_recompile pc=0x0000000002443064 method=com.android.dx.rop.type.Type.equals(Ljava/lang/Object;)Z @ 8
Event: 2.915 Thread 0x00000000161cc000 Uncommon trap: reason=null_check action=make_not_entrant pc=0x0000000002443074 method=com.android.dx.rop.type.Type.equals(Ljava/lang/Object;)Z @ 8

Internal exceptions (3 events):
Event: 0.842 Thread 0x0000000001eed800 Exception <a 'java/lang/NoSuchMethodError': Method sun.misc.Unsafe.defineClass(Ljava/lang/String;[BII)Ljava/lang/Class; name or signature does not match> (0x00000000eab0d8b8) thrown at [C:\re\workspace\8-2-build-windows-amd64-cygwin\jdk8u45\3627\hotspot\sræËš7óê?
Event: 0.842 Thread 0x0000000001eed800 Exception <a 'java/lang/NoSuchMethodError': Method sun.misc.Unsafe.prefetchRead(Ljava/lang/Object;J)V name or signature does not match> (0x00000000eab0db48) thrown at [C:\re\workspace\8-2-build-windows-amd64-cygwin\jdk8u45\3627\hotspot\src\share\vm\prims\j'(3óìP@
Event: 2.915 Thread 0x00000000161cc000 Implicit null exception at 0x0000000002442f62 to 0x0000000002443065

Events (10 events):
Event: 2.522 Thread 0x00000000161ed800 DEOPT PACKING pc=0x000000000228a7f0 sp=0x000000001667ebb0
Event: 2.522 Thread 0x00000000161ed800 DEOPT UNPACKING pc=0x000000000209582a sp=0x000000001667eb48 mode 2
Event: 2.523 Executing VM operation: ParallelGCFailedAllocation
Event: 2.804 Executing VM operation: ParallelGCFailedAllocation done
Event: 2.913 Thread 0x00000000161cc000 Uncommon trap: trap_request=0xffffffde fr.pc=0x0000000002443064
Event: 2.913 Thread 0x00000000161cc000 DEOPT PACKING pc=0x0000000002443064 sp=0x0000000016a7e850
Event: 2.913 Thread 0x00000000161cc000 DEOPT UNPACKING pc=0x000000000209582a sp=0x0000000016a7e7e8 mode 2
Event: 2.915 Thread 0x00000000161cc000 Uncommon trap: trap_request=0xfffffff4 fr.pc=0x0000000002443074
Event: 2.915 Thread 0x00000000161cc000 DEOPT PACKING pc=0x0000000002443074 sp=0x0000000016a7e800
Event: 2.915 Thread 0x00000000161cc000 DEOPT UNPACKING pc=0x000000000209582a sp=0x0000000016a7e798 mode 2


Dynamic libraries:
0x00007ff707400000 - 0x00007ff707437000 	C:\Program Files\Java\jdk1.8.0_45\bin\java.exe
0x00007ff9bbb90000 - 0x00007ff9bbd51000 	C:\WINDOWS\SYSTEM32\ntdll.dll
0x00007ff9bb640000 - 0x00007ff9bb6ed000 	C:\WINDOWS\system32\KERNEL32.DLL
0x00007ff9a7680000 - 0x00007ff9a76b2000 	C:\Program Files (x86)\AVG\AVG2015\avghooka.dll
0x00007ff9b8960000 - 0x00007ff9b8b48000 	C:\WINDOWS\system32\KERNELBASE.dll
0x00007ff9bb4c0000 - 0x00007ff9bb567000 	C:\WINDOWS\system32\ADVAPI32.dll
0x00007ff9bb420000 - 0x00007ff9bb4bd000 	C:\WINDOWS\system32\msvcrt.dll
0x00007ff9b9c90000 - 0x00007ff9b9ceb000 	C:\WINDOWS\system32\sechost.dll
0x00007ff9b9a10000 - 0x00007ff9b9b2c000 	C:\WINDOWS\system32\RPCRT4.dll
0x00007ff9b94c0000 - 0x00007ff9b9616000 	C:\WINDOWS\system32\USER32.dll
0x00007ff9bb9d0000 - 0x00007ff9bbb56000 	C:\WINDOWS\system32\GDI32.dll
0x00007ff9af060000 - 0x00007ff9af2d4000 	C:\WINDOWS\WinSxS\amd64_microsoft.windows.common-controls_6595b64144ccf1df_6.0.10586.0_none_8c15ae12515e1c22\COMCTL32.dll
0x00007ff9bb6f0000 - 0x00007ff9bb96d000 	C:\WINDOWS\system32\combase.dll
0x00007ff9b8be0000 - 0x00007ff9b8c4a000 	C:\WINDOWS\system32\bcryptPrimitives.dll
0x00007ff9b93d0000 - 0x00007ff9b940b000 	C:\WINDOWS\system32\IMM32.DLL
0x0000000069bc0000 - 0x0000000069c92000 	C:\Program Files\Java\jdk1.8.0_45\jre\bin\msvcr100.dll
0x000000006a120000 - 0x000000006a9a3000 	C:\Program Files\Java\jdk1.8.0_45\jre\bin\server\jvm.dll
0x00007ff9bbb60000 - 0x00007ff9bbb68000 	C:\WINDOWS\system32\PSAPI.DLL
0x00007ff9afee0000 - 0x00007ff9afee9000 	C:\WINDOWS\SYSTEM32\WSOCK32.dll
0x00007ff9b97d0000 - 0x00007ff9b983b000 	C:\WINDOWS\system32\WS2_32.dll
0x00007ff9b6930000 - 0x00007ff9b6953000 	C:\WINDOWS\SYSTEM32\WINMM.dll
0x00007ff9b38a0000 - 0x00007ff9b38aa000 	C:\WINDOWS\SYSTEM32\VERSION.dll
0x00007ff9b6900000 - 0x00007ff9b692c000 	C:\WINDOWS\SYSTEM32\WINMMBASE.dll
0x00007ff9b8d10000 - 0x00007ff9b8d53000 	C:\WINDOWS\system32\cfgmgr32.dll
0x000000006a110000 - 0x000000006a11f000 	C:\Program Files\Java\jdk1.8.0_45\jre\bin\verify.dll
0x000000006a0e0000 - 0x000000006a109000 	C:\Program Files\Java\jdk1.8.0_45\jre\bin\java.dll
0x000000006a0c0000 - 0x000000006a0d6000 	C:\Program Files\Java\jdk1.8.0_45\jre\bin\zip.dll
0x00007ff9b9cf0000 - 0x00007ff9bb24c000 	C:\WINDOWS\system32\SHELL32.dll
0x00007ff9b8240000 - 0x00007ff9b8885000 	C:\WINDOWS\system32\windows.storage.dll
0x00007ff9b98a0000 - 0x00007ff9b98f2000 	C:\WINDOWS\system32\shlwapi.dll
0x00007ff9b8230000 - 0x00007ff9b823f000 	C:\WINDOWS\system32\kernel.appcore.dll
0x00007ff9b8c50000 - 0x00007ff9b8d05000 	C:\WINDOWS\system32\shcore.dll
0x00007ff9b81d0000 - 0x00007ff9b821b000 	C:\WINDOWS\system32\powrprof.dll
0x00007ff9b81b0000 - 0x00007ff9b81c4000 	C:\WINDOWS\system32\profapi.dll

VM Arguments:
jvm_args: -Djava.awt.headless=true -Xmx1024M -Dfile.encoding=windows-1252 -Duser.country=US -Duser.language=en -Duser.variant 
java_command: com.android.dx.command.Main --dex --num-threads=4 --output D:\Programs\git\cs403X\CrowdCade\app\build\intermediates\pre-dexed\debug\com.android.support-support-v4-23.2.1_20bd54935fef5e6cf7676b67098935e7772b52e7.jar D:\Programs\git\cs403X\CrowdCade\app\build\intermediates\exploded-aar\com.android.support\support-v4\23.2.1\jars\classes.jar
java_class_path (initial): D:\Programs\SDKAndroid\build-tools\23.0.3\lib\dx.jar
Launcher Type: SUN_STANDARD

Environment Variables:
PATH=C:\Program Files (x86)\NVIDIA Corporation\PhysX\Common;C:\ProgramData\Oracle\Java\javapath;C:\Program Files (x86)\Intel\iCLS Client\;C:\Program Files\Intel\iCLS Client\;C:\WINDOWS\system32;C:\WINDOWS;C:\WINDOWS\System32\Wbem;C:\WINDOWS\System32\WindowsPowerShell\v1.0\;C:\Program Files\Intel\Intel(R) Management Engine Components\DAL;C:\Program Files (x86)\Intel\Intel(R) Management Engine Components\DAL;C:\Program Files\Intel\Intel(R) Management Engine Components\IPT;C:\Program Files (x86)\Intel\Intel(R) Management Engine Components\IPT;C:\Program Files (x86)\ATI Technologies\ATI.ACE\Core-Static;C:\WINDOWS\system32\config\systemprofile\.dnx\bin;C:\Program Files\Microsoft DNX\Dnvm\;C:\Program Files (x86)\Windows Kits\8.1\Windows Performance Toolkit\;C:\Program Files\Microsoft SQL Server\120\Tools\Binn\;C:\Program Files\Microsoft\Web Platform Installer\;C:\Program Files (x86)\AMD\ATI.ACE\Core-Static;D:\Python;D:\Programs\Heroku\bin;C:\Program Files (x86)\git\cmd;D:\Programs\node_js\;C:\Program Files\Java\jdk1.8.0_45\bin;C:\Program Files (x86)\Skype\Phone\;C:\Program Files\Microsoft SQL Server\110\Tools\Binn\;C:\Program Files (x86)\Microsoft SDKs\TypeScript\1.0\;C:\Users\Joshua\AppData\Roaming\npm
USERNAME=Joshua
OS=Windows_NT
PROCESSOR_IDENTIFIER=Intel64 Family 6 Model 60 Stepping 3, GenuineIntel



---------------  S Y S T E M  ---------------

OS: Windows 10.0 , 64 bit Build 10586 (10.0.10586.0)

CPU:total 4 (4 cores per cpu, 1 threads per core) family 6 model 60 stepping 3, cmov, cx8, fxsr, mmx, sse, sse2, sse3, ssse3, sse4.1, sse4.2, popcnt, avx, avx2, aes, clmul, erms, lzcnt, tsc, tscinvbit, bmi1, bmi2

Memory: 4k page, physical 8325524k(395692k free), swap 33491348k(7932k free)

vm_info: Java HotSpot(TM) 64-Bit Server VM (25.45-b02) for windows-amd64 JRE (1.8.0_45-b15), built on Apr 30 2015 12:40:44 by "java_re" with MS VC++ 10.0 (VS2010)

time: Sat Apr 30 14:54:22 2016
elapsed time: 2 seconds (0d 0h 0m 2s)

