#
# There is insufficient memory for the Java Runtime Environment to continue.
# Native memory allocation (malloc) failed to allocate 100112 bytes for Chunk::new
# Possible reasons:
#   The system is out of physical RAM or swap space
#   In 32 bit mode, the process size limit was hit
# Possible solutions:
#   Reduce memory load on the system
#   Increase physical memory or swap space
#   Check if swap backing store is full
#   Use 64 bit Java on a 64 bit OS
#   Decrease Java heap size (-Xmx/-Xms)
#   Decrease number of Java threads
#   Decrease Java thread stack sizes (-Xss)
#   Set larger code cache with -XX:ReservedCodeCacheSize=
# This output file may be truncated or incomplete.
#
#  Out of Memory Error (allocation.cpp:390), pid=7352, tid=4764
#
# JRE version: Java(TM) SE Runtime Environment (8.0_45-b15) (build 1.8.0_45-b15)
# Java VM: Java HotSpot(TM) 64-Bit Server VM (25.45-b02 mixed mode windows-amd64 compressed oops)
# Failed to write core dump. Minidumps are not enabled by default on client versions of Windows
#

---------------  T H R E A D  ---------------

Current thread (0x000000001471a000):  JavaThread "C2 CompilerThread0" daemon [_thread_in_native, id=4764, stack(0x0000000015c70000,0x0000000015d70000)]

Stack: [0x0000000015c70000,0x0000000015d70000]
Native frames: (J=compiled Java code, j=interpreted, Vv=VM code, C=native code)
V  [jvm.dll+0x32b57a]


Current CompileTask:
C2:  16906 2438 %     4       com.android.dx.ssa.PhiTypeResolver::run @ 10 (179 bytes)


---------------  P R O C E S S  ---------------

Java Threads: ( => current thread )
  0x000000001621d800 JavaThread "pool-1-thread-4" [_thread_blocked, id=5028, stack(0x0000000018140000,0x0000000018240000)]
  0x00000000168ec800 JavaThread "pool-1-thread-3" [_thread_blocked, id=10752, stack(0x0000000018040000,0x0000000018140000)]
  0x00000000168ee800 JavaThread "pool-1-thread-2" [_thread_blocked, id=6544, stack(0x0000000017f40000,0x0000000018040000)]
  0x0000000016b38800 JavaThread "pool-2-thread-1" [_thread_blocked, id=12532, stack(0x0000000017e40000,0x0000000017f40000)]
  0x0000000016b38000 JavaThread "pool-1-thread-1" [_thread_blocked, id=6692, stack(0x0000000017d40000,0x0000000017e40000)]
  0x0000000015f70800 JavaThread "Service Thread" daemon [_thread_blocked, id=11332, stack(0x0000000016370000,0x0000000016470000)]
  0x000000001477a800 JavaThread "C1 CompilerThread2" daemon [_thread_blocked, id=6372, stack(0x0000000015e70000,0x0000000015f70000)]
  0x0000000014778000 JavaThread "C2 CompilerThread1" daemon [_thread_blocked, id=14100, stack(0x0000000015d70000,0x0000000015e70000)]
=>0x000000001471a000 JavaThread "C2 CompilerThread0" daemon [_thread_in_native, id=4764, stack(0x0000000015c70000,0x0000000015d70000)]
  0x0000000014718000 JavaThread "Attach Listener" daemon [_thread_blocked, id=5064, stack(0x0000000015b70000,0x0000000015c70000)]
  0x0000000014717000 JavaThread "Signal Dispatcher" daemon [_thread_blocked, id=13940, stack(0x0000000015a70000,0x0000000015b70000)]
  0x0000000002042000 JavaThread "Finalizer" daemon [_thread_blocked, id=15048, stack(0x0000000015970000,0x0000000015a70000)]
  0x00000000146e9800 JavaThread "Reference Handler" daemon [_thread_blocked, id=13644, stack(0x0000000015870000,0x0000000015970000)]
  0x0000000001f4d800 JavaThread "main" [_thread_blocked, id=11324, stack(0x0000000001da0000,0x0000000001ea0000)]

Other Threads:
  0x00000000146e7800 VMThread [stack: 0x0000000015770000,0x0000000015870000] [id=14108]
  0x0000000015f71800 WatcherThread [stack: 0x0000000016470000,0x0000000016570000] [id=3984]

VM state:at safepoint (normal execution)

VM Mutex/Monitor currently owned by a thread:  ([mutex/lock_event])
[0x0000000001f4cd60] Threads_lock - owner thread: 0x00000000146e7800
[0x0000000001f4c560] Heap_lock - owner thread: 0x00000000168ee800

Heap:
 PSYoungGen      total 232960K, used 158034K [0x00000000eab00000, 0x0000000100000000, 0x0000000100000000)
  eden space 116736K, 100% used [0x00000000eab00000,0x00000000f1d00000,0x00000000f1d00000)
  from space 116224K, 35% used [0x00000000f1d00000,0x00000000f4554b38,0x00000000f8e80000)
  to   space 116224K, 0% used [0x00000000f8e80000,0x00000000f8f61e10,0x0000000100000000)
 ParOldGen       total 429568K, used 263545K [0x00000000c0000000, 0x00000000da380000, 0x00000000eab00000)
  object space 429568K, 61% used [0x00000000c0000000,0x00000000d0162418,0x00000000da380000)
 Metaspace       used 6466K, capacity 7256K, committed 7424K, reserved 1056768K
  class space    used 614K, capacity 656K, committed 768K, reserved 1048576K

Card table byte_map: [0x0000000011410000,0x0000000011620000] byte_map_base: 0x0000000010e10000

Marking Bits: (ParMarkBitMap*) 0x000000006a924040
 Begin Bits: [0x0000000011b80000, 0x0000000012b80000)
 End Bits:   [0x0000000012b80000, 0x0000000013b80000)

Polling page: 0x0000000000620000

CodeCache: size=245760Kb used=11576Kb max_used=11589Kb free=234183Kb
 bounds [0x0000000002050000, 0x0000000002bc0000, 0x0000000011050000]
 total_blobs=2571 nmethods=2301 adapters=182
 compilation: enabled

Compilation events (10 events):
Event: 16.807 Thread 0x000000001471a000 2432 % !   4       com.android.dx.cf.code.Ropper::processBlock @ 1035 (1101 bytes)
Event: 16.811 Thread 0x000000001477a800 2433   !   3       com.android.dx.rop.code.RegisterSpec::intern (70 bytes)
Event: 16.812 Thread 0x000000001477a800 nmethod 2433 0x0000000002b56e50 code [0x0000000002b57080, 0x0000000002b57d48]
Event: 16.817 Thread 0x000000001477a800 2434       3       com.android.dx.cf.code.Simulator$SimVisitor::visitConstant (332 bytes)
Event: 16.818 Thread 0x000000001477a800 nmethod 2434 0x0000000002b86690 code [0x0000000002b869c0, 0x0000000002b888d8]
Event: 16.824 Thread 0x000000001471a000 nmethod 2432% 0x0000000002b641d0 code [0x0000000002b643a0, 0x0000000002b652c8]
Event: 16.826 Thread 0x0000000014778000 2435       4       com.android.dx.ssa.SsaBasicBlock::insertNewSuccessor (228 bytes)
Event: 16.827 Thread 0x000000001471a000 2436 %     4       com.android.dx.ssa.SsaMethod$2::addToUses @ 13 (48 bytes)
Event: 16.833 Thread 0x000000001471a000 nmethod 2436% 0x0000000002b557d0 code [0x0000000002b55960, 0x0000000002b561f8]
Event: 16.833 Thread 0x000000001471a000 2438 %     4       com.android.dx.ssa.PhiTypeResolver::run @ 10 (179 bytes)

GC Heap History (10 events):
Event: 13.837 GC heap before
{Heap before GC invocations=12 (full 2):
 PSYoungGen      total 246272K, used 246243K [0x00000000eab00000, 0x0000000100000000, 0x0000000100000000)
  eden space 143360K, 100% used [0x00000000eab00000,0x00000000f3700000,0x00000000f3700000)
  from space 102912K, 99% used [0x00000000f3700000,0x00000000f9b78e58,0x00000000f9b80000)
  to   space 102912K, 0% used [0x00000000f9b80000,0x00000000f9b80000,0x0000000100000000)
 ParOldGen       total 303616K, used 208415K [0x00000000c0000000, 0x00000000d2880000, 0x00000000eab00000)
  object space 303616K, 68% used [0x00000000c0000000,0x00000000ccb87c78,0x00000000d2880000)
 Metaspace       used 6458K, capacity 7256K, committed 7424K, reserved 1056768K
  class space    used 614K, capacity 656K, committed 768K, reserved 1048576K
Event: 14.024 GC heap after
Heap after GC invocations=12 (full 2):
 PSYoungGen      total 219648K, used 102895K [0x00000000eab00000, 0x0000000100000000, 0x0000000100000000)
  eden space 116736K, 0% used [0x00000000eab00000,0x00000000eab00000,0x00000000f1d00000)
  from space 102912K, 99% used [0x00000000f9b80000,0x00000000ffffbd50,0x0000000100000000)
  to   space 116224K, 0% used [0x00000000f1d00000,0x00000000f1d00000,0x00000000f8e80000)
 ParOldGen       total 303616K, used 284452K [0x00000000c0000000, 0x00000000d2880000, 0x00000000eab00000)
  object space 303616K, 93% used [0x00000000c0000000,0x00000000d15c9278,0x00000000d2880000)
 Metaspace       used 6458K, capacity 7256K, committed 7424K, reserved 1056768K
  class space    used 614K, capacity 656K, committed 768K, reserved 1048576K
}
Event: 14.024 GC heap before
{Heap before GC invocations=13 (full 3):
 PSYoungGen      total 219648K, used 102895K [0x00000000eab00000, 0x0000000100000000, 0x0000000100000000)
  eden space 116736K, 0% used [0x00000000eab00000,0x00000000eab00000,0x00000000f1d00000)
  from space 102912K, 99% used [0x00000000f9b80000,0x00000000ffffbd50,0x0000000100000000)
  to   space 116224K, 0% used [0x00000000f1d00000,0x00000000f1d00000,0x00000000f8e80000)
 ParOldGen       total 303616K, used 284452K [0x00000000c0000000, 0x00000000d2880000, 0x00000000eab00000)
  object space 303616K, 93% used [0x00000000c0000000,0x00000000d15c9278,0x00000000d2880000)
 Metaspace       used 6458K, capacity 7256K, committed 7424K, reserved 1056768K
  class space    used 614K, capacity 656K, committed 768K, reserved 1048576K
Event: 14.674 GC heap after
Heap after GC invocations=13 (full 3):
 PSYoungGen      total 219648K, used 0K [0x00000000eab00000, 0x0000000100000000, 0x0000000100000000)
  eden space 116736K, 0% used [0x00000000eab00000,0x00000000eab00000,0x00000000f1d00000)
  from space 102912K, 0% used [0x00000000f9b80000,0x00000000f9b80000,0x0000000100000000)
  to   space 116224K, 0% used [0x00000000f1d00000,0x00000000f1d00000,0x00000000f8e80000)
 ParOldGen       total 429568K, used 214313K [0x00000000c0000000, 0x00000000da380000, 0x00000000eab00000)
  object space 429568K, 49% used [0x00000000c0000000,0x00000000cd14a658,0x00000000da380000)
 Metaspace       used 6458K, capacity 7256K, committed 7424K, reserved 1056768K
  class space    used 614K, capacity 656K, committed 768K, reserved 1048576K
}
Event: 14.858 GC heap before
{Heap before GC invocations=14 (full 3):
 PSYoungGen      total 219648K, used 116736K [0x00000000eab00000, 0x0000000100000000, 0x0000000100000000)
  eden space 116736K, 100% used [0x00000000eab00000,0x00000000f1d00000,0x00000000f1d00000)
  from space 102912K, 0% used [0x00000000f9b80000,0x00000000f9b80000,0x0000000100000000)
  to   space 116224K, 0% used [0x00000000f1d00000,0x00000000f1d00000,0x00000000f8e80000)
 ParOldGen       total 429568K, used 214313K [0x00000000c0000000, 0x00000000da380000, 0x00000000eab00000)
  object space 429568K, 49% used [0x00000000c0000000,0x00000000cd14a658,0x00000000da380000)
 Metaspace       used 6461K, capacity 7256K, committed 7424K, reserved 1056768K
  class space    used 614K, capacity 656K, committed 768K, reserved 1048576K
Event: 14.945 GC heap after
Heap after GC invocations=14 (full 3):
 PSYoungGen      total 232960K, used 38331K [0x00000000eab00000, 0x0000000100000000, 0x0000000100000000)
  eden space 116736K, 0% used [0x00000000eab00000,0x00000000eab00000,0x00000000f1d00000)
  from space 116224K, 32% used [0x00000000f1d00000,0x00000000f426ecd8,0x00000000f8e80000)
  to   space 116224K, 0% used [0x00000000f8e80000,0x00000000f8e80000,0x0000000100000000)
 ParOldGen       total 429568K, used 214313K [0x00000000c0000000, 0x00000000da380000, 0x00000000eab00000)
  object space 429568K, 49% used [0x00000000c0000000,0x00000000cd14a658,0x00000000da380000)
 Metaspace       used 6461K, capacity 7256K, committed 7424K, reserved 1056768K
  class space    used 614K, capacity 656K, committed 768K, reserved 1048576K
}
Event: 15.377 GC heap before
{Heap before GC invocations=15 (full 3):
 PSYoungGen      total 232960K, used 155067K [0x00000000eab00000, 0x0000000100000000, 0x0000000100000000)
  eden space 116736K, 100% used [0x00000000eab00000,0x00000000f1d00000,0x00000000f1d00000)
  from space 116224K, 32% used [0x00000000f1d00000,0x00000000f426ecd8,0x00000000f8e80000)
  to   space 116224K, 0% used [0x00000000f8e80000,0x00000000f8e80000,0x0000000100000000)
 ParOldGen       total 429568K, used 214313K [0x00000000c0000000, 0x00000000da380000, 0x00000000eab00000)
  object space 429568K, 49% used [0x00000000c0000000,0x00000000cd14a658,0x00000000da380000)
 Metaspace       used 6463K, capacity 7256K, committed 7424K, reserved 1056768K
  class space    used 614K, capacity 656K, committed 768K, reserved 1048576K
Event: 15.470 GC heap after
Heap after GC invocations=15 (full 3):
 PSYoungGen      total 232960K, used 53357K [0x00000000eab00000, 0x0000000100000000, 0x0000000100000000)
  eden space 116736K, 0% used [0x00000000eab00000,0x00000000eab00000,0x00000000f1d00000)
  from space 116224K, 45% used [0x00000000f8e80000,0x00000000fc29b4e0,0x0000000100000000)
  to   space 116224K, 0% used [0x00000000f1d00000,0x00000000f1d00000,0x00000000f8e80000)
 ParOldGen       total 429568K, used 214321K [0x00000000c0000000, 0x00000000da380000, 0x00000000eab00000)
  object space 429568K, 49% used [0x00000000c0000000,0x00000000cd14c658,0x00000000da380000)
 Metaspace       used 6463K, capacity 7256K, committed 7424K, reserved 1056768K
  class space    used 614K, capacity 656K, committed 768K, reserved 1048576K
}
Event: 15.892 GC heap before
{Heap before GC invocations=16 (full 3):
 PSYoungGen      total 232960K, used 170093K [0x00000000eab00000, 0x0000000100000000, 0x0000000100000000)
  eden space 116736K, 100% used [0x00000000eab00000,0x00000000f1d00000,0x00000000f1d00000)
  from space 116224K, 45% used [0x00000000f8e80000,0x00000000fc29b4e0,0x0000000100000000)
  to   space 116224K, 0% used [0x00000000f1d00000,0x00000000f1d00000,0x00000000f8e80000)
 ParOldGen       total 429568K, used 214321K [0x00000000c0000000, 0x00000000da380000, 0x00000000eab00000)
  object space 429568K, 49% used [0x00000000c0000000,0x00000000cd14c658,0x00000000da380000)
 Metaspace       used 6465K, capacity 7256K, committed 7424K, reserved 1056768K
  class space    used 614K, capacity 656K, committed 768K, reserved 1048576K
Event: 15.991 GC heap after
Heap after GC invocations=16 (full 3):
 PSYoungGen      total 232960K, used 41298K [0x00000000eab00000, 0x0000000100000000, 0x0000000100000000)
  eden space 116736K, 0% used [0x00000000eab00000,0x00000000eab00000,0x00000000f1d00000)
  from space 116224K, 35% used [0x00000000f1d00000,0x00000000f4554b38,0x00000000f8e80000)
  to   space 116224K, 0% used [0x00000000f8e80000,0x00000000f8e80000,0x0000000100000000)
 ParOldGen       total 429568K, used 262921K [0x00000000c0000000, 0x00000000da380000, 0x00000000eab00000)
  object space 429568K, 61% used [0x00000000c0000000,0x00000000d00c2528,0x00000000da380000)
 Metaspace       used 6465K, capacity 7256K, committed 7424K, reserved 1056768K
  class space    used 614K, capacity 656K, committed 768K, reserved 1048576K
}

Deoptimization events (10 events):
Event: 15.999 Thread 0x00000000168ec800 Uncommon trap: reason=unstable_if action=reinterpret pc=0x00000000029faf34 method=com.android.dx.cf.code.Merger.mergeType(Lcom/android/dx/rop/type/TypeBearer;Lcom/android/dx/rop/type/TypeBearer;)Lcom/android/dx/rop/type/TypeBearer; @ 77
Event: 16.005 Thread 0x00000000168ec800 Uncommon trap: reason=unstable_if action=reinterpret pc=0x0000000002ad1524 method=com.android.dx.ssa.SsaMethod.blockIndexToRopLabel(I)I @ 1
Event: 16.048 Thread 0x0000000001f4d800 Uncommon trap: reason=class_check action=maybe_recompile pc=0x0000000002a7aaa8 method=com.android.dx.cf.code.BytecodeArray.parseInstruction(ILcom/android/dx/cf/code/BytecodeArray$Visitor;)I @ 2002
Event: 16.048 Thread 0x0000000001f4d800 Uncommon trap: reason=class_check action=maybe_recompile pc=0x0000000002a7aaa8 method=com.android.dx.cf.code.BytecodeArray.parseInstruction(ILcom/android/dx/cf/code/BytecodeArray$Visitor;)I @ 2002
Event: 16.048 Thread 0x0000000001f4d800 Uncommon trap: reason=class_check action=maybe_recompile pc=0x0000000002a7aaa8 method=com.android.dx.cf.code.BytecodeArray.parseInstruction(ILcom/android/dx/cf/code/BytecodeArray$Visitor;)I @ 2002
Event: 16.048 Thread 0x0000000001f4d800 Uncommon trap: reason=class_check action=maybe_recompile pc=0x0000000002a7aaa8 method=com.android.dx.cf.code.BytecodeArray.parseInstruction(ILcom/android/dx/cf/code/BytecodeArray$Visitor;)I @ 2002
Event: 16.103 Thread 0x00000000168ec800 Uncommon trap: reason=unstable_if action=reinterpret pc=0x0000000002980db0 method=com.android.dx.ssa.Dominators.run()V @ 346
Event: 16.384 Thread 0x0000000001f4d800 Uncommon trap: reason=unstable_if action=reinterpret pc=0x0000000002b2d154 method=com.android.dx.rop.code.BasicBlockList.preferredSuccessorOf(Lcom/android/dx/rop/code/BasicBlock;)Lcom/android/dx/rop/code/BasicBlock; @ 58
Event: 16.390 Thread 0x0000000001f4d800 Uncommon trap: reason=bimorphic action=maybe_recompile pc=0x0000000002b351a0 method=com.android.dx.cf.code.BytecodeArray.parseInstruction(ILcom/android/dx/cf/code/BytecodeArray$Visitor;)I @ 1501
Event: 16.390 Thread 0x0000000001f4d800 Uncommon trap: reason=bimorphic action=maybe_recompile pc=0x0000000002b351a0 method=com.android.dx.cf.code.BytecodeArray.parseInstruction(ILcom/android/dx/cf/code/BytecodeArray$Visitor;)I @ 1501

Internal exceptions (5 events):
Event: 0.076 Thread 0x0000000001f4d800 Exception <a 'java/lang/NoSuchMethodError': Method sun.misc.Unsafe.defineClass(Ljava/lang/String;[BII)Ljava/lang/Class; name or signature does not match> (0x00000000eab0da60) thrown at [C:\re\workspace\8-2-build-windows-amd64-cygwin\jdk8u45\3627\hotspot\srùÈßhfw³?
Event: 0.076 Thread 0x0000000001f4d800 Exception <a 'java/lang/NoSuchMethodError': Method sun.misc.Unsafe.prefetchRead(Ljava/lang/Object;J)V name or signature does not match> (0x00000000eab0dcf0) thrown at [C:\re\workspace\8-2-build-windows-amd64-cygwin\jdk8u45\3627\hotspot\src\share\vm\prims\jÖ&çoïM@
Event: 4.576 Thread 0x00000000168ee800 Exception <a 'java/lang/ArrayIndexOutOfBoundsException': 18> (0x00000000ece7e698) thrown at [C:\re\workspace\8-2-build-windows-amd64-cygwin\jdk8u45\3627\hotspot\src\share\vm\interpreter\interpreterRuntime.cpp, line 366]
Event: 4.576 Thread 0x00000000168ee800 Exception <a 'java/lang/ArrayIndexOutOfBoundsException': 145> (0x00000000ece80168) thrown at [C:\re\workspace\8-2-build-windows-amd64-cygwin\jdk8u45\3627\hotspot\src\share\vm\interpreter\interpreterRuntime.cpp, line 366]
Event: 4.577 Thread 0x00000000168ee800 Exception <a 'java/lang/ArrayIndexOutOfBoundsException'> (0x00000000ece813a0) thrown at [C:\re\workspace\8-2-build-windows-amd64-cygwin\jdk8u45\3627\hotspot\src\share\vm\runtime\sharedRuntime.cpp, line 605]

Events (10 events):
Event: 16.390 Thread 0x0000000001f4d800 DEOPT PACKING pc=0x0000000002b351a0 sp=0x0000000001e9e4a0
Event: 16.390 Thread 0x0000000001f4d800 DEOPT UNPACKING pc=0x000000000209582a sp=0x0000000001e9e420 mode 2
Event: 16.390 Thread 0x0000000001f4d800 Uncommon trap: trap_request=0xffffffc6 fr.pc=0x0000000002b351a0
Event: 16.390 Thread 0x0000000001f4d800 DEOPT PACKING pc=0x0000000002b351a0 sp=0x0000000001e9e480
Event: 16.390 Thread 0x0000000001f4d800 DEOPT UNPACKING pc=0x000000000209582a sp=0x0000000001e9e400 mode 2
Event: 16.407 Thread 0x0000000001f4d800 DEOPT PACKING pc=0x0000000002392eca sp=0x0000000001e9e500
Event: 16.408 Thread 0x0000000001f4d800 DEOPT UNPACKING pc=0x000000000209787f sp=0x0000000001e9e248 mode 0
Event: 16.882 Thread 0x00000000168ee800 DEOPT PACKING pc=0x0000000002553657 sp=0x000000001803e920
Event: 16.882 Thread 0x00000000168ee800 DEOPT UNPACKING pc=0x000000000209787f sp=0x000000001803e708 mode 0
Event: 16.891 Executing VM operation: ParallelGCFailedAllocation


Dynamic libraries:
0x00007ff707400000 - 0x00007ff707437000 	C:\Program Files\Java\jdk1.8.0_45\bin\java.exe
0x00007ff9bbb90000 - 0x00007ff9bbd51000 	C:\WINDOWS\SYSTEM32\ntdll.dll
0x00007ff9bb640000 - 0x00007ff9bb6ed000 	C:\WINDOWS\system32\KERNEL32.DLL
0x00007ff9a7680000 - 0x00007ff9a76b2000 	C:\Program Files (x86)\AVG\AVG2015\avghooka.dll
0x00007ff9b8960000 - 0x00007ff9b8b48000 	C:\WINDOWS\system32\KERNELBASE.dll
0x00007ff9bb4c0000 - 0x00007ff9bb567000 	C:\WINDOWS\system32\ADVAPI32.dll
0x00007ff9bb420000 - 0x00007ff9bb4bd000 	C:\WINDOWS\system32\msvcrt.dll
0x00007ff9b9c90000 - 0x00007ff9b9ceb000 	C:\WINDOWS\system32\sechost.dll
0x00007ff9b9a10000 - 0x00007ff9b9b2c000 	C:\WINDOWS\system32\RPCRT4.dll
0x00007ff9b94c0000 - 0x00007ff9b9616000 	C:\WINDOWS\system32\USER32.dll
0x00007ff9bb9d0000 - 0x00007ff9bbb56000 	C:\WINDOWS\system32\GDI32.dll
0x00007ff9af060000 - 0x00007ff9af2d4000 	C:\WINDOWS\WinSxS\amd64_microsoft.windows.common-controls_6595b64144ccf1df_6.0.10586.0_none_8c15ae12515e1c22\COMCTL32.dll
0x00007ff9bb6f0000 - 0x00007ff9bb96d000 	C:\WINDOWS\system32\combase.dll
0x00007ff9b8be0000 - 0x00007ff9b8c4a000 	C:\WINDOWS\system32\bcryptPrimitives.dll
0x00007ff9b93d0000 - 0x00007ff9b940b000 	C:\WINDOWS\system32\IMM32.DLL
0x0000000069bc0000 - 0x0000000069c92000 	C:\Program Files\Java\jdk1.8.0_45\jre\bin\msvcr100.dll
0x000000006a120000 - 0x000000006a9a3000 	C:\Program Files\Java\jdk1.8.0_45\jre\bin\server\jvm.dll
0x00007ff9bbb60000 - 0x00007ff9bbb68000 	C:\WINDOWS\system32\PSAPI.DLL
0x00007ff9afee0000 - 0x00007ff9afee9000 	C:\WINDOWS\SYSTEM32\WSOCK32.dll
0x00007ff9b97d0000 - 0x00007ff9b983b000 	C:\WINDOWS\system32\WS2_32.dll
0x00007ff9b6930000 - 0x00007ff9b6953000 	C:\WINDOWS\SYSTEM32\WINMM.dll
0x00007ff9b38a0000 - 0x00007ff9b38aa000 	C:\WINDOWS\SYSTEM32\VERSION.dll
0x00007ff9b6900000 - 0x00007ff9b692c000 	C:\WINDOWS\SYSTEM32\WINMMBASE.dll
0x00007ff9b8d10000 - 0x00007ff9b8d53000 	C:\WINDOWS\system32\cfgmgr32.dll
0x000000006a110000 - 0x000000006a11f000 	C:\Program Files\Java\jdk1.8.0_45\jre\bin\verify.dll
0x000000006a0e0000 - 0x000000006a109000 	C:\Program Files\Java\jdk1.8.0_45\jre\bin\java.dll
0x000000006a0c0000 - 0x000000006a0d6000 	C:\Program Files\Java\jdk1.8.0_45\jre\bin\zip.dll
0x00007ff9b9cf0000 - 0x00007ff9bb24c000 	C:\WINDOWS\system32\SHELL32.dll
0x00007ff9b8240000 - 0x00007ff9b8885000 	C:\WINDOWS\system32\windows.storage.dll
0x00007ff9b98a0000 - 0x00007ff9b98f2000 	C:\WINDOWS\system32\shlwapi.dll
0x00007ff9b8230000 - 0x00007ff9b823f000 	C:\WINDOWS\system32\kernel.appcore.dll
0x00007ff9b8c50000 - 0x00007ff9b8d05000 	C:\WINDOWS\system32\shcore.dll
0x00007ff9b81d0000 - 0x00007ff9b821b000 	C:\WINDOWS\system32\powrprof.dll
0x00007ff9b81b0000 - 0x00007ff9b81c4000 	C:\WINDOWS\system32\profapi.dll

VM Arguments:
jvm_args: -Djava.awt.headless=true -Xmx1024M -Dfile.encoding=windows-1252 -Duser.country=US -Duser.language=en -Duser.variant 
java_command: com.android.dx.command.Main --dex --num-threads=4 --output D:\Programs\git\cs403X\CrowdCade\app\build\intermediates\pre-dexed\debug\com.google.android.gms-play-services-ads-8.4.0_c5d7da50d1b24d99e9695cfbec9225791f2a4e6a.jar D:\Programs\git\cs403X\CrowdCade\app\build\intermediates\exploded-aar\com.google.android.gms\play-services-ads\8.4.0\jars\classes.jar
java_class_path (initial): D:\Programs\SDKAndroid\build-tools\23.0.3\lib\dx.jar
Launcher Type: SUN_STANDARD

Environment Variables:
PATH=C:\Program Files (x86)\NVIDIA Corporation\PhysX\Common;C:\ProgramData\Oracle\Java\javapath;C:\Program Files (x86)\Intel\iCLS Client\;C:\Program Files\Intel\iCLS Client\;C:\WINDOWS\system32;C:\WINDOWS;C:\WINDOWS\System32\Wbem;C:\WINDOWS\System32\WindowsPowerShell\v1.0\;C:\Program Files\Intel\Intel(R) Management Engine Components\DAL;C:\Program Files (x86)\Intel\Intel(R) Management Engine Components\DAL;C:\Program Files\Intel\Intel(R) Management Engine Components\IPT;C:\Program Files (x86)\Intel\Intel(R) Management Engine Components\IPT;C:\Program Files (x86)\ATI Technologies\ATI.ACE\Core-Static;C:\WINDOWS\system32\config\systemprofile\.dnx\bin;C:\Program Files\Microsoft DNX\Dnvm\;C:\Program Files (x86)\Windows Kits\8.1\Windows Performance Toolkit\;C:\Program Files\Microsoft SQL Server\120\Tools\Binn\;C:\Program Files\Microsoft\Web Platform Installer\;C:\Program Files (x86)\AMD\ATI.ACE\Core-Static;D:\Python;D:\Programs\Heroku\bin;C:\Program Files (x86)\git\cmd;D:\Programs\node_js\;C:\Program Files\Java\jdk1.8.0_45\bin;C:\Program Files (x86)\Skype\Phone\;C:\Program Files\Microsoft SQL Server\110\Tools\Binn\;C:\Program Files (x86)\Microsoft SDKs\TypeScript\1.0\;C:\Users\Joshua\AppData\Roaming\npm
USERNAME=Joshua
OS=Windows_NT
PROCESSOR_IDENTIFIER=Intel64 Family 6 Model 60 Stepping 3, GenuineIntel



---------------  S Y S T E M  ---------------

OS: Windows 10.0 , 64 bit Build 10586 (10.0.10586.0)

CPU:total 4 (4 cores per cpu, 1 threads per core) family 6 model 60 stepping 3, cmov, cx8, fxsr, mmx, sse, sse2, sse3, ssse3, sse4.1, sse4.2, popcnt, avx, avx2, aes, clmul, erms, lzcnt, tsc, tscinvbit, bmi1, bmi2

Memory: 4k page, physical 8325524k(420600k free), swap 33491348k(4192k free)

vm_info: Java HotSpot(TM) 64-Bit Server VM (25.45-b02) for windows-amd64 JRE (1.8.0_45-b15), built on Apr 30 2015 12:40:44 by "java_re" with MS VC++ 10.0 (VS2010)

time: Sat Apr 30 14:53:20 2016
elapsed time: 16 seconds (0d 0h 0m 16s)

